{"logTime": "0901/202434", "correlationVector":"3rnu82OFOhVv8OfP250wCc.1","action":"SyncServerConnectionManagerRequest", "result":"SYNC_SERVER_OK", "context":{"environment":"Prod_brazilsouth_prod-s01-034-sam-brazilsouth", "migrationStage":"NotStarted", "server":"akswtt01200000t"}}
{"logTime": "0901/202434", "correlationVector":"3rnu82OFOhVv8OfP250wCc.2","action":"ProcessGetUpdates", "result":"Done", "context":{"dataType":"Encryption Keys", "deleted":"0", "process_failed_to_decrypt":"0", "process_pending_decryption":"0", "process_success":"1", "total":"1"}}
{"logTime": "0901/202438", "correlationVector":"BLkC016q9M2+EBIfo/lXJv","action":"SyncServerConnectionManagerRequest", "result":"SYNC_SERVER_OK", "context":{"environment":"", "migrationStage":"", "server":""}}
{"logTime": "0901/202438", "correlationVector":"BLkC016q9M2+EBIfo/lXJv.0","action":"EncryptionKeysFetcher.DownloadKeys:", "result":"Success", "context":Key count: 1, Last key timestamp: 2025-09-01T20:24:38Z}
{"logTime": "0901/202438", "correlationVector":"BLkC016q9M2+EBIfo/lXJv.1","action":"EncryptionKeysManager::SetEncryptionKeys:", "result":"Success", "context":Key names[1]:[aLb8xRAelOYU4+0SCh/Q/MqYduPomUZIGj37D+smJSVWdZqf0jM9/WkUOmW51X0Hpo8ZMJWdorg+Zv3KQZgW6w==]}
{"logTime": "0901/202438", "correlationVector":"BLkC016q9M2+EBIfo/lXJv.2","action":"EncryptionKeysManager::SetEncryptionKeysWithTimestamps:", "result":"Success", "context":Key timestamps[1]:[2025-09-01T20:24:38Z]}
{"logTime": "0901/202438", "correlationVector":"3rnu82OFOhVv8OfP250wCc","action":"Initial GetUpdates", "result":"", "context":Reason: NEW_CLIENT. cV=3rnu82OFOhVv8OfP250wCc}
{"logTime": "0901/202438", "correlationVector":"3rnu82OFOhVv8OfP250wCc.3","action":"GetUpdates Response", "result":"Success", "context":Received 1 update(s). cV=3rnu82OFOhVv8OfP250wCc.0;server=akswtt01200000t;cloudType=Consumer;environment=Prod_brazilsouth_prod-s01-034-sam-brazilsouth;migrationStage=NotStarted}
{"logTime": "0901/202438", "correlationVector":"KV2FJRmEtkPT0Me0Bd5iz2","action":"Initial GetUpdates", "result":"", "context":Reason: NEW_CLIENT. cV=KV2FJRmEtkPT0Me0Bd5iz2}
{"logTime": "0901/202439", "correlationVector":"KV2FJRmEtkPT0Me0Bd5iz2.1","action":"SyncServerConnectionManagerRequest", "result":"SYNC_SERVER_OK", "context":{"environment":"Prod_brazilsouth_prod-s01-034-sam-brazilsouth", "migrationStage":"NotStarted", "server":"akswtt012000005"}}
{"logTime": "0901/202439", "correlationVector":"KV2FJRmEtkPT0Me0Bd5iz2.2","action":"GetUpdates Response", "result":"Success", "context":Received 0 update(s). cV=KV2FJRmEtkPT0Me0Bd5iz2.0;server=akswtt012000005;cloudType=Consumer;environment=Prod_brazilsouth_prod-s01-034-sam-brazilsouth;migrationStage=NotStarted}
{"logTime": "0901/202439", "correlationVector":"j1f4hFiDWoQroLA2KmTXG1","action":"Initial GetUpdates", "result":"", "context":Reason: NEW_CLIENT. cV=j1f4hFiDWoQroLA2KmTXG1}
{"logTime": "0901/202440", "correlationVector":"j1f4hFiDWoQroLA2KmTXG1.1","action":"SyncServerConnectionManagerRequest", "result":"SYNC_SERVER_OK", "context":{"environment":"Prod_brazilsouth_prod-s01-034-sam-brazilsouth", "migrationStage":"NotStarted", "server":"akswtt012000005"}}
{"logTime": "0901/202440", "correlationVector":"j1f4hFiDWoQroLA2KmTXG1.2","action":"ProcessGetUpdates", "result":"Done", "context":{"dataType":"Bookmarks", "deleted":"0", "process_failed_to_decrypt":"0", "process_pending_decryption":"0", "process_success":"5", "total":"5"}}
{"logTime": "0901/202440", "correlationVector":"j1f4hFiDWoQroLA2KmTXG1.3","action":"GetUpdates Response", "result":"Success", "context":Received 5 update(s). cV=j1f4hFiDWoQroLA2KmTXG1.0;server=akswtt012000005;cloudType=Consumer;environment=Prod_brazilsouth_prod-s01-034-sam-brazilsouth;migrationStage=NotStarted}
{"logTime": "0901/202440", "correlationVector":"I0uuC2j30fix09xjHKpmbp","action":"Initial GetUpdates", "result":"", "context":Reason: NEW_CLIENT. cV=I0uuC2j30fix09xjHKpmbp}
{"logTime": "0901/202440", "correlationVector":"I0uuC2j30fix09xjHKpmbp.1","action":"SyncServerConnectionManagerRequest", "result":"SYNC_SERVER_OK", "context":{"environment":"Prod_brazilsouth_prod-s01-034-sam-brazilsouth", "migrationStage":"NotStarted", "server":"akswtt012000015"}}
{"logTime": "0901/202440", "correlationVector":"I0uuC2j30fix09xjHKpmbp.2","action":"ProcessGetUpdates", "result":"Done", "context":{"dataType":"Autofill", "deleted":"0", "process_failed_to_decrypt":"0", "process_pending_decryption":"0", "process_success":"1", "total":"1"}}
{"logTime": "0901/202440", "correlationVector":"I0uuC2j30fix09xjHKpmbp.3","action":"GetUpdates Response", "result":"Success", "context":Received 1 update(s). cV=I0uuC2j30fix09xjHKpmbp.0;server=akswtt012000015;cloudType=Consumer;environment=Prod_brazilsouth_prod-s01-034-sam-brazilsouth;migrationStage=NotStarted}
{"logTime": "0901/202440", "correlationVector":"uXDw3Ah9K/jcgCszV57Gqy","action":"Initial GetUpdates", "result":"", "context":Reason: NEW_CLIENT. cV=uXDw3Ah9K/jcgCszV57Gqy}
{"logTime": "0901/202441", "correlationVector":"uXDw3Ah9K/jcgCszV57Gqy.1","action":"SyncServerConnectionManagerRequest", "result":"SYNC_SERVER_OK", "context":{"environment":"Prod_brazilsouth_prod-s01-034-sam-brazilsouth", "migrationStage":"NotStarted", "server":"akswtt01200001b"}}
{"logTime": "0901/202441", "correlationVector":"uXDw3Ah9K/jcgCszV57Gqy.2","action":"GetUpdates Response", "result":"Success", "context":Received 0 update(s). cV=uXDw3Ah9K/jcgCszV57Gqy.0;server=akswtt01200001b;cloudType=Consumer;environment=Prod_brazilsouth_prod-s01-034-sam-brazilsouth;migrationStage=NotStarted}
{"logTime": "0901/202441", "correlationVector":"L6znvtwcPQu4wsDW2qKmmh","action":"Normal GetUpdate request", "result":"", "context":cV=L6znvtwcPQu4wsDW2qKmmh
Nudged types: Preferences, Sessions, Device Info, User Consents, Encryption Keys
Refresh requested types: Bookmarks, Preferences, Passwords, Autofill Profiles, Autofill, Extensions, Sessions, Extension settings, History Delete Directives, Device Info, User Consents, Send Tab To Self, Web Apps, History, Saved Tab Group, WebAuthn Credentials, Collection, Edge E Drop, Edge Hub App Usage, Edge Wallet, Encryption Keys}
{"logTime": "0901/202441", "correlationVector":"L6znvtwcPQu4wsDW2qKmmh.1","action":"SyncServerConnectionManagerRequest", "result":"SYNC_SERVER_OK", "context":{"environment":"Prod_brazilsouth_prod-s01-034-sam-brazilsouth", "migrationStage":"NotStarted", "server":"akswtt01200000x"}}
{"logTime": "0901/202441", "correlationVector":"L6znvtwcPQu4wsDW2qKmmh.2","action":"GetUpdates Response", "result":"Success", "context":Received 0 update(s). cV=L6znvtwcPQu4wsDW2qKmmh.0;server=akswtt01200000x;cloudType=Consumer;environment=Prod_brazilsouth_prod-s01-034-sam-brazilsouth;migrationStage=NotStarted}
{"logTime": "0901/202441", "correlationVector":"UiO96A+qTgElvhh36FzDAt","action":"Commit Request", "result":"", "context":Item count: 1
Contributing types: Encryption Keys}
{"logTime": "0901/202442", "correlationVector":"UiO96A+qTgElvhh36FzDAt.1","action":"SyncServerConnectionManagerRequest", "result":"SYNC_SERVER_OK", "context":{"environment":"Prod_brazilsouth_prod-s01-034-sam-brazilsouth", "migrationStage":"NotStarted", "server":"akswtt01200001f"}}
{"logTime": "0901/202442", "correlationVector":"UiO96A+qTgElvhh36FzDAt.2","action":"Commit Response", "result":"Success", "context":Result: Success. cV=UiO96A+qTgElvhh36FzDAt.0;server=akswtt01200001f;cloudType=Consumer;environment=Prod_brazilsouth_prod-s01-034-sam-brazilsouth;migrationStage=NotStarted}
{"logTime": "0901/202442", "correlationVector":"i4Kpz1NkzRz1EWZrFPYSo7","action":"Commit Request", "result":"", "context":Item count: 26
Contributing types: Preferences, Sessions, Device Info, User Consents}
{"logTime": "0901/202445", "correlationVector":"i4Kpz1NkzRz1EWZrFPYSo7.1","action":"SyncServerConnectionManagerRequest", "result":"SYNC_SERVER_OK", "context":{"environment":"Prod_brazilsouth_prod-s01-034-sam-brazilsouth", "migrationStage":"NotStarted", "server":"akswtt01200000i"}}
{"logTime": "0901/202445", "correlationVector":"i4Kpz1NkzRz1EWZrFPYSo7.2","action":"Commit Response", "result":"Success", "context":Result: Success. cV=i4Kpz1NkzRz1EWZrFPYSo7.0;server=akswtt01200000i;cloudType=Consumer;environment=Prod_brazilsouth_prod-s01-034-sam-brazilsouth;migrationStage=NotStarted}
{"logTime": "0901/202447", "correlationVector":"6tP+US3NP8q2Fo60NVJNaU","action":"Commit Request", "result":"", "context":Item count: 1
Contributing types: Preferences}
{"logTime": "0901/202448", "correlationVector":"6tP+US3NP8q2Fo60NVJNaU.1","action":"SyncServerConnectionManagerRequest", "result":"SYNC_SERVER_OK", "context":{"environment":"Prod_brazilsouth_prod-s01-034-sam-brazilsouth", "migrationStage":"NotStarted", "server":"akswtt01200001e"}}
{"logTime": "0901/202448", "correlationVector":"6tP+US3NP8q2Fo60NVJNaU.2","action":"Commit Response", "result":"Success", "context":Result: Success. cV=6tP+US3NP8q2Fo60NVJNaU.0;server=akswtt01200001e;cloudType=Consumer;environment=Prod_brazilsouth_prod-s01-034-sam-brazilsouth;migrationStage=NotStarted}
{"logTime": "0901/202457", "correlationVector":"T/m9k5xCDe9FE3RfGhzxCH","action":"Commit Request", "result":"", "context":Item count: 2
Contributing types: Preferences, Sessions}
{"logTime": "0901/202458", "correlationVector":"T/m9k5xCDe9FE3RfGhzxCH","action":"SyncServerConnectionManagerRequest", "result":"CONNECTION_UNAVAILABLE", "context":{"error_type":"net_error_code", "error_value":"-3"}}
